<?xml version="1.0" encoding="UTF-8"?>
<testng-results skipped="0" failed="0" ignored="0" total="1" passed="1">
  <reporter-output>
  </reporter-output>
  <suite name="Default suite" duration-ms="9330" started-at="2017-11-08T05:44:34Z" finished-at="2017-11-08T05:44:44Z">
    <groups>
    </groups>
    <test name="Default test" duration-ms="9330" started-at="2017-11-08T05:44:34Z" finished-at="2017-11-08T05:44:44Z">
      <class name="com.rameshsoft.businessScripts.Gmail">
        <test-method status="PASS" signature="openBrowser(java.lang.String)[pri:0, instance:com.rameshsoft.businessScripts.Gmail@3327bd23]" name="openBrowser" is-config="true" duration-ms="12807" started-at="2017-11-08T11:14:22Z" finished-at="2017-11-08T11:14:34Z">
          <params>
            <param index="0">
              <value>
                <![CDATA[chrome]]>
              </value>
            </param>
          </params>
          <reporter-output>
          </reporter-output>
        </test-method> <!-- openBrowser -->
        <test-method status="PASS" signature="login()[pri:0, instance:com.rameshsoft.businessScripts.Gmail@3327bd23]" name="login" duration-ms="9310" started-at="2017-11-08T11:14:34Z" finished-at="2017-11-08T11:14:44Z">
          <reporter-output>
          </reporter-output>
        </test-method> <!-- login -->
        <test-method status="PASS" signature="beforeMethod(java.lang.reflect.Method)[pri:0, instance:com.rameshsoft.businessScripts.Gmail@3327bd23]" name="beforeMethod" is-config="true" duration-ms="0" started-at="2017-11-08T11:14:34Z" finished-at="2017-11-08T11:14:34Z">
          <params>
            <param index="0">
              <value>
                <![CDATA[public void com.rameshsoft.businessScripts.Gmail.login() throws java.io.IOException,java.lang.InterruptedException,org.apache.poi.EncryptedDocumentException,org.apache.poi.openxml4j.exceptions.InvalidFormatException]]>
              </value>
            </param>
          </params>
          <reporter-output>
          </reporter-output>
        </test-method> <!-- beforeMethod -->
        <test-method status="PASS" signature="close()[pri:0, instance:com.rameshsoft.businessScripts.Gmail@3327bd23]" name="close" is-config="true" duration-ms="2925" started-at="2017-11-08T11:14:44Z" finished-at="2017-11-08T11:14:47Z">
          <reporter-output>
          </reporter-output>
        </test-method> <!-- close -->
      </class> <!-- com.rameshsoft.businessScripts.Gmail -->
    </test> <!-- Default test -->
  </suite> <!-- Default suite -->
</testng-results>
